2026-04-15 01:10:14 [info]: Retrying MongoDB connection...
2026-04-15 01:10:16 [info]: MongoDB connection restored.
2026-04-15 01:23:47 [info]: 📚 Swagger docs available at /api-docs
2026-04-15 01:23:47 [warn]: Admin React build missing at C:\Users\VICTUS\Desktop\Oxygen\Server\admin-react\dist\index.html. Route /admin-react will return 503 until built.
2026-04-15 01:23:47 [info]: 🚀 Server running on port 7000
2026-04-15 02:09:14 [info]: 📚 Swagger docs available at /api-docs
2026-04-15 02:09:14 [warn]: Admin React build missing at C:\Users\VICTUS\Desktop\Oxygen\Server\frontend\dist\index.html. Route /admin-react will return 503 until built.
2026-04-15 02:09:14 [info]: [SubscriptionLifecycle] Job started (every 60s)
2026-04-15 02:09:14 [info]: 🚀 Server running on port 7000
2026-04-15 02:11:22 [info]: 📚 Swagger docs available at /api-docs
2026-04-15 02:11:22 [warn]: Admin React build missing at C:\Users\VICTUS\Desktop\Oxygen\Server\frontend\dist\index.html. Route /admin-react will return 503 until built.
2026-04-15 02:11:23 [info]: [SubscriptionLifecycle] Job started (every 60s)
2026-04-15 02:11:23 [info]: 🚀 Server running on port 7000
2026-04-15 02:11:38 [info]: 🔍 Incoming Request: POST /api/v1/auth/login
2026-04-15 02:11:38 [info]: 🔍 Incoming Request: GET /api/v1/customers?limit=30&page=1
2026-04-15 02:11:38 [info]: 🔍 Incoming Request: GET /api/v1/plans?limit=30&page=1
2026-04-15 02:11:38 [info]: 🔍 Incoming Request: GET /api/v1/devices?limit=30&page=1
2026-04-15 02:11:38 [info]: 🔍 Incoming Request: GET /api/v1/subscriptions?limit=30&page=1
2026-04-15 02:11:38 [info]: 🔍 Incoming Request: GET /api/v1/payments?limit=30&page=1
2026-04-15 02:11:38 [info]: 🔍 Incoming Request: GET /api/v1/payments/stats
2026-04-15 02:11:38 [info]: 🔍 Incoming Request: GET /api/v1/support-tickets?limit=30&page=1
2026-04-15 02:11:58 [info]: 🔍 Incoming Request: POST /api/v1/auth/logout
2026-04-15 02:11:59 [info]: 🔍 Incoming Request: POST /api/v1/auth/login
2026-04-15 02:12:00 [info]: 🔍 Incoming Request: GET /api/v1/customers?limit=30&page=1
2026-04-15 02:12:00 [info]: 🔍 Incoming Request: GET /api/v1/plans?limit=30&page=1
2026-04-15 02:12:00 [info]: 🔍 Incoming Request: GET /api/v1/subscriptions?limit=30&page=1
2026-04-15 02:12:00 [info]: 🔍 Incoming Request: GET /api/v1/payments?limit=30&page=1
2026-04-15 02:12:00 [info]: 🔍 Incoming Request: GET /api/v1/devices?limit=30&page=1
2026-04-15 02:12:00 [info]: 🔍 Incoming Request: GET /api/v1/payments/stats
2026-04-15 02:12:00 [info]: 🔍 Incoming Request: GET /api/v1/support-tickets?limit=30&page=1
2026-04-15 02:15:08 [info]: 🔍 Incoming Request: POST /api/v1/auth/logout
2026-04-15 02:15:52 [info]: 🔍 Incoming Request: POST /api/v1/auth/login
2026-04-15 02:15:52 [warn]: POST /api/v1/auth/login [401] - Invalid credentials
2026-04-15 02:15:53 [info]: 🔍 Incoming Request: POST /api/v1/auth/login
2026-04-15 02:15:53 [warn]: POST /api/v1/auth/login [401] - Invalid credentials
2026-04-15 02:15:53 [info]: 🔍 Incoming Request: POST /api/v1/auth/login
2026-04-15 02:15:53 [warn]: POST /api/v1/auth/login [401] - Invalid credentials
2026-04-15 02:15:53 [info]: 🔍 Incoming Request: POST /api/v1/auth/login
2026-04-15 02:15:53 [warn]: POST /api/v1/auth/login [401] - Invalid credentials
2026-04-15 02:30:44 [info]: 📚 Swagger docs available at /api-docs
2026-04-15 02:30:44 [warn]: Admin React build missing at C:\Users\VICTUS\Desktop\Oxygen\Server\frontend\dist\index.html. Route /admin-react will return 503 until built.
2026-04-15 02:30:44 [info]: [SubscriptionLifecycle] Job started (every 60s)
2026-04-15 02:30:44 [info]: 🚀 Server running on port 7000
2026-04-15 02:37:23 [info]: 🔍 Incoming Request: POST /api/v1/auth/login
2026-04-15 02:37:23 [info]: 🔍 Incoming Request: POST /api/v1/auth/login
2026-04-15 02:37:23 [info]: 🔍 Incoming Request: POST /api/v1/auth/login
2026-04-15 02:37:23 [info]: 🔍 Incoming Request: POST /api/v1/auth/login
2026-04-15 02:37:24 [info]: 🔍 Incoming Request: GET /api/v1/payments/stats
2026-04-15 02:37:24 [info]: 🔍 Incoming Request: GET /api/v1/customers?limit=200&page=1
2026-04-15 02:37:24 [info]: 🔍 Incoming Request: GET /api/v1/subscriptions?limit=200&page=1
2026-04-15 02:37:24 [info]: 🔍 Incoming Request: GET /api/v1/payments?limit=200&page=1
2026-04-15 02:37:24 [info]: 🔍 Incoming Request: GET /api/v1/customers?limit=500&page=1
2026-04-15 02:37:24 [info]: 🔍 Incoming Request: GET /api/v1/plans?limit=500&page=1
2026-04-15 02:37:24 [info]: 🔍 Incoming Request: GET /api/v1/subscriptions?limit=500&page=1
2026-04-15 02:37:24 [info]: 🔍 Incoming Request: GET /api/v1/payments?limit=500&page=1
2026-04-15 02:37:24 [info]: 🔍 Incoming Request: GET /api/v1/support-tickets?limit=500&page=1
2026-04-15 02:37:24 [warn]: GET /api/v1/customers [400] - limit: Too big: expected number to be <=200
2026-04-15 02:37:24 [warn]: GET /api/v1/plans [400] - limit: Too big: expected number to be <=200
2026-04-15 02:37:24 [warn]: GET /api/v1/subscriptions [400] - limit: Too big: expected number to be <=200
2026-04-15 02:37:24 [warn]: GET /api/v1/payments [400] - limit: Too big: expected number to be <=200
2026-04-15 02:37:24 [warn]: GET /api/v1/support-tickets [400] - limit: Too big: expected number to be <=200
2026-04-15 02:37:25 [info]: 🔍 Incoming Request: GET /api/v1/customers?limit=200&page=1
2026-04-15 02:37:25 [info]: 🔍 Incoming Request: GET /api/v1/subscriptions?limit=200&page=1
2026-04-15 02:37:25 [info]: 🔍 Incoming Request: GET /api/v1/payments?limit=200&page=1
2026-04-15 02:37:25 [info]: 🔍 Incoming Request: GET /api/v1/payments/stats
2026-04-15 02:37:43 [info]: 🔍 Incoming Request: GET /api/v1/customers?limit=100&page=1
2026-04-15 02:37:43 [info]: 🔍 Incoming Request: GET /api/v1/customers?limit=100&page=1
2026-04-15 02:37:48 [info]: 🔍 Incoming Request: GET /api/v1/customers?limit=100&page=1
2026-04-15 02:39:54 [info]: 🔍 Incoming Request: POST /api/v1/auth/login
2026-04-15 02:39:54 [info]: 🔍 Incoming Request: POST /api/v1/auth/login
2026-04-15 02:39:54 [info]: 🔍 Incoming Request: POST /api/v1/auth/login
2026-04-15 02:39:54 [info]: 🔍 Incoming Request: POST /api/v1/auth/login
2026-04-15 02:39:55 [info]: 🔍 Incoming Request: GET /api/v1/customers?limit=200&page=1
2026-04-15 02:39:55 [info]: 🔍 Incoming Request: GET /api/v1/subscriptions?limit=200&page=1
2026-04-15 02:39:55 [info]: 🔍 Incoming Request: GET /api/v1/payments/stats
2026-04-15 02:39:55 [info]: 🔍 Incoming Request: GET /api/v1/payments?limit=200&page=1
2026-04-15 02:39:55 [info]: 🔍 Incoming Request: GET /api/v1/customers?limit=200&page=1
2026-04-15 02:39:55 [info]: 🔍 Incoming Request: GET /api/v1/subscriptions?limit=200&page=1
2026-04-15 02:39:55 [info]: 🔍 Incoming Request: GET /api/v1/payments?limit=200&page=1
2026-04-15 02:39:55 [info]: 🔍 Incoming Request: GET /api/v1/payments/stats
2026-04-15 02:40:16 [info]: 🔍 Incoming Request: GET /api/v1/customers?limit=200&page=1
2026-04-15 02:40:16 [info]: 🔍 Incoming Request: GET /api/v1/subscriptions?limit=200&page=1
2026-04-15 02:40:16 [info]: 🔍 Incoming Request: GET /api/v1/payments?limit=200&page=1
2026-04-15 02:40:16 [info]: 🔍 Incoming Request: GET /api/v1/payments/stats
2026-04-15 02:40:18 [info]: 🔍 Incoming Request: GET /api/v1/customers?limit=300&page=1
2026-04-15 02:40:18 [info]: 🔍 Incoming Request: GET /api/v1/subscriptions?limit=300&page=1
2026-04-15 02:40:18 [warn]: GET /api/v1/customers [400] - limit: Too big: expected number to be <=200
2026-04-15 02:40:18 [warn]: GET /api/v1/subscriptions [400] - limit: Too big: expected number to be <=200
2026-04-15 02:40:21 [info]: 🔍 Incoming Request: GET /api/v1/plans?limit=300&page=1
2026-04-15 02:40:21 [warn]: GET /api/v1/plans [400] - limit: Too big: expected number to be <=200
2026-04-15 02:40:23 [info]: 🔍 Incoming Request: GET /api/v1/customers?limit=300&page=1
2026-04-15 02:40:23 [info]: 🔍 Incoming Request: GET /api/v1/subscriptions?limit=300&page=1
2026-04-15 02:40:23 [info]: 🔍 Incoming Request: GET /api/v1/payments?limit=300&page=1
2026-04-15 02:40:23 [warn]: GET /api/v1/customers [400] - limit: Too big: expected number to be <=200
2026-04-15 02:40:23 [warn]: GET /api/v1/subscriptions [400] - limit: Too big: expected number to be <=200
2026-04-15 02:40:23 [warn]: GET /api/v1/payments [400] - limit: Too big: expected number to be <=200
2026-04-15 02:40:24 [info]: 🔍 Incoming Request: GET /api/v1/customers?limit=300&page=1
2026-04-15 02:40:24 [info]: 🔍 Incoming Request: GET /api/v1/subscriptions?limit=300&page=1
2026-04-15 02:40:24 [info]: 🔍 Incoming Request: GET /api/v1/payments?limit=300&page=1
2026-04-15 02:40:24 [warn]: GET /api/v1/customers [400] - limit: Too big: expected number to be <=200
2026-04-15 02:40:24 [warn]: GET /api/v1/subscriptions [400] - limit: Too big: expected number to be <=200
2026-04-15 02:40:24 [info]: 🔍 Incoming Request: GET /api/v1/payments/stats
2026-04-15 02:40:24 [warn]: GET /api/v1/payments [400] - limit: Too big: expected number to be <=200
2026-04-15 02:40:40 [info]: 🔍 Incoming Request: GET /api/v1/customers?limit=500&page=1
2026-04-15 02:40:40 [info]: 🔍 Incoming Request: GET /api/v1/plans?limit=500&page=1
2026-04-15 02:40:40 [info]: 🔍 Incoming Request: GET /api/v1/subscriptions?limit=500&page=1
2026-04-15 02:40:40 [info]: 🔍 Incoming Request: GET /api/v1/payments?limit=500&page=1
2026-04-15 02:40:40 [info]: 🔍 Incoming Request: GET /api/v1/support-tickets?limit=500&page=1
2026-04-15 02:40:40 [warn]: GET /api/v1/customers [400] - limit: Too big: expected number to be <=200
2026-04-15 02:40:40 [warn]: GET /api/v1/plans [400] - limit: Too big: expected number to be <=200
2026-04-15 02:40:40 [warn]: GET /api/v1/subscriptions [400] - limit: Too big: expected number to be <=200
2026-04-15 02:40:40 [warn]: GET /api/v1/payments [400] - limit: Too big: expected number to be <=200
2026-04-15 02:40:40 [warn]: GET /api/v1/support-tickets [400] - limit: Too big: expected number to be <=200
2026-04-15 02:40:47 [info]: 🔍 Incoming Request: GET /api/v1/customers?limit=200&page=1
2026-04-15 02:40:47 [info]: 🔍 Incoming Request: GET /api/v1/subscriptions?limit=200&page=1
2026-04-15 02:40:47 [info]: 🔍 Incoming Request: GET /api/v1/payments?limit=200&page=1
2026-04-15 02:40:47 [info]: 🔍 Incoming Request: GET /api/v1/payments/stats
2026-04-15 02:53:59 [info]: 🔍 Incoming Request: GET /api/v1/customers?limit=300&page=1
2026-04-15 02:53:59 [info]: 🔍 Incoming Request: GET /api/v1/subscriptions?limit=300&page=1
2026-04-15 02:53:59 [info]: 🔍 Incoming Request: GET /api/v1/payments?limit=300&page=1
2026-04-15 02:53:59 [info]: 🔍 Incoming Request: GET /api/v1/payments/stats
2026-04-15 02:53:59 [warn]: GET /api/v1/customers [400] - limit: Too big: expected number to be <=200
2026-04-15 02:53:59 [warn]: GET /api/v1/subscriptions [400] - limit: Too big: expected number to be <=200
2026-04-15 02:53:59 [warn]: GET /api/v1/payments [400] - limit: Too big: expected number to be <=200
2026-04-15 02:56:42 [info]: 🔍 Incoming Request: POST /api/v1/auth/login
2026-04-15 02:56:42 [info]: 🔍 Incoming Request: POST /api/v1/auth/login
2026-04-15 02:56:42 [info]: 🔍 Incoming Request: POST /api/v1/auth/login
2026-04-15 02:56:42 [info]: 🔍 Incoming Request: POST /api/v1/auth/login
2026-04-15 02:56:43 [info]: 🔍 Incoming Request: GET /api/v1/customers?limit=300&page=1
2026-04-15 02:56:43 [info]: 🔍 Incoming Request: GET /api/v1/payments?limit=300&page=1
2026-04-15 02:56:44 [warn]: GET /api/v1/customers [400] - limit: Too big: expected number to be <=200
2026-04-15 02:56:44 [warn]: GET /api/v1/payments [400] - limit: Too big: expected number to be <=200
2026-04-15 02:56:44 [info]: 🔍 Incoming Request: GET /api/v1/subscriptions?limit=300&page=1
2026-04-15 02:56:44 [info]: 🔍 Incoming Request: GET /api/v1/payments/stats
2026-04-15 02:56:44 [warn]: GET /api/v1/subscriptions [400] - limit: Too big: expected number to be <=200
2026-04-15 02:56:48 [info]: 🔍 Incoming Request: GET /api/v1/customers?limit=300&page=1
2026-04-15 02:56:48 [info]: 🔍 Incoming Request: GET /api/v1/subscriptions?limit=300&page=1
2026-04-15 02:56:48 [info]: 🔍 Incoming Request: GET /api/v1/payments?limit=300&page=1
2026-04-15 02:56:48 [info]: 🔍 Incoming Request: GET /api/v1/payments/stats
2026-04-15 02:56:48 [warn]: GET /api/v1/customers [400] - limit: Too big: expected number to be <=200
2026-04-15 02:56:48 [warn]: GET /api/v1/subscriptions [400] - limit: Too big: expected number to be <=200
2026-04-15 02:56:48 [warn]: GET /api/v1/payments [400] - limit: Too big: expected number to be <=200
2026-04-15 02:56:51 [info]: 🔍 Incoming Request: GET /api/v1/customers?limit=200&page=1
2026-04-15 02:56:51 [info]: 🔍 Incoming Request: GET /api/v1/subscriptions?limit=200&page=1
2026-04-15 02:56:51 [info]: 🔍 Incoming Request: GET /api/v1/payments?limit=200&page=1
2026-04-15 02:56:52 [info]: 🔍 Incoming Request: GET /api/v1/payments/stats
2026-04-15 02:56:57 [info]: 🔍 Incoming Request: GET /api/v1/customers?limit=200&page=1
2026-04-15 02:56:57 [info]: 🔍 Incoming Request: GET /api/v1/subscriptions?limit=200&page=1
2026-04-15 02:56:57 [info]: 🔍 Incoming Request: GET /api/v1/payments?limit=200&page=1
2026-04-15 02:56:57 [info]: 🔍 Incoming Request: GET /api/v1/payments/stats
2026-04-15 02:56:58 [info]: 🔍 Incoming Request: GET /api/v1/customers?limit=200&page=1
2026-04-15 02:56:58 [info]: 🔍 Incoming Request: GET /api/v1/subscriptions?limit=200&page=1
2026-04-15 02:56:58 [info]: 🔍 Incoming Request: GET /api/v1/payments?limit=200&page=1
2026-04-15 02:56:58 [info]: 🔍 Incoming Request: GET /api/v1/payments/stats
2026-04-15 02:56:58 [info]: 🔍 Incoming Request: GET /api/v1/customers?limit=200&page=1
2026-04-15 02:56:58 [info]: 🔍 Incoming Request: GET /api/v1/subscriptions?limit=200&page=1
2026-04-15 02:56:58 [info]: 🔍 Incoming Request: GET /api/v1/payments?limit=200&page=1
2026-04-15 02:56:58 [info]: 🔍 Incoming Request: GET /api/v1/payments/stats
2026-04-15 02:57:06 [info]: 🔍 Incoming Request: GET /api/v1/customers?limit=200&page=1
2026-04-15 02:57:06 [info]: 🔍 Incoming Request: GET /api/v1/subscriptions?limit=200&page=1
2026-04-15 02:57:06 [info]: 🔍 Incoming Request: GET /api/v1/payments?limit=200&page=1
2026-04-15 02:57:06 [info]: 🔍 Incoming Request: GET /api/v1/payments/stats
2026-04-15 02:57:14 [info]: 🔍 Incoming Request: GET /api/v1/customers?limit=200&page=1
2026-04-15 02:57:14 [info]: 🔍 Incoming Request: GET /api/v1/subscriptions?limit=200&page=1
2026-04-15 02:57:14 [info]: 🔍 Incoming Request: GET /api/v1/payments?limit=200&page=1
2026-04-15 02:57:14 [info]: 🔍 Incoming Request: GET /api/v1/payments/stats
2026-04-15 02:57:18 [info]: 🔍 Incoming Request: GET /api/v1/customers?limit=200&page=1
2026-04-15 02:57:18 [info]: 🔍 Incoming Request: GET /api/v1/subscriptions?limit=200&page=1
2026-04-15 02:57:18 [info]: 🔍 Incoming Request: GET /api/v1/payments?limit=200&page=1
2026-04-15 02:57:18 [info]: 🔍 Incoming Request: GET /api/v1/payments/stats
2026-04-15 02:57:18 [info]: 🔍 Incoming Request: GET /api/v1/customers?limit=200&page=1
2026-04-15 02:57:18 [info]: 🔍 Incoming Request: GET /api/v1/subscriptions?limit=200&page=1
2026-04-15 02:57:18 [info]: 🔍 Incoming Request: GET /api/v1/payments?limit=200&page=1
2026-04-15 02:57:18 [info]: 🔍 Incoming Request: GET /api/v1/payments/stats
2026-04-15 02:57:18 [info]: 🔍 Incoming Request: GET /api/v1/customers?limit=200&page=1
2026-04-15 02:57:18 [info]: 🔍 Incoming Request: GET /api/v1/subscriptions?limit=200&page=1
2026-04-15 02:57:18 [info]: 🔍 Incoming Request: GET /api/v1/payments?limit=200&page=1
2026-04-15 02:57:18 [info]: 🔍 Incoming Request: GET /api/v1/payments/stats
2026-04-15 02:57:19 [info]: 🔍 Incoming Request: GET /api/v1/customers?limit=200&page=1
2026-04-15 02:57:19 [info]: 🔍 Incoming Request: GET /api/v1/subscriptions?limit=200&page=1
2026-04-15 02:57:19 [info]: 🔍 Incoming Request: GET /api/v1/payments?limit=200&page=1
2026-04-15 02:57:19 [info]: 🔍 Incoming Request: GET /api/v1/payments/stats
2026-04-15 02:57:19 [info]: 🔍 Incoming Request: GET /api/v1/customers?limit=200&page=1
2026-04-15 02:57:19 [info]: 🔍 Incoming Request: GET /api/v1/subscriptions?limit=200&page=1
2026-04-15 02:57:19 [info]: 🔍 Incoming Request: GET /api/v1/payments?limit=200&page=1
2026-04-15 02:57:19 [info]: 🔍 Incoming Request: GET /api/v1/payments/stats
2026-04-15 02:57:31 [info]: 🔍 Incoming Request: POST /api/v1/auth/login
2026-04-15 02:57:31 [info]: 🔍 Incoming Request: POST /api/v1/auth/login
2026-04-15 02:57:31 [info]: 🔍 Incoming Request: POST /api/v1/auth/login
2026-04-15 02:57:31 [info]: 🔍 Incoming Request: POST /api/v1/auth/login
2026-04-15 02:57:32 [info]: 🔍 Incoming Request: GET /api/v1/subscriptions?limit=200&page=1
2026-04-15 02:57:33 [info]: 🔍 Incoming Request: GET /api/v1/customers?limit=200&page=1
2026-04-15 02:57:33 [info]: 🔍 Incoming Request: GET /api/v1/payments?limit=200&page=1
2026-04-15 02:57:33 [info]: 🔍 Incoming Request: GET /api/v1/payments/stats
2026-04-15 03:00:44 [info]: 🔍 Incoming Request: POST /api/v1/auth/login
2026-04-15 03:00:44 [info]: 🔍 Incoming Request: POST /api/v1/auth/login
2026-04-15 03:00:44 [info]: 🔍 Incoming Request: POST /api/v1/auth/login
2026-04-15 03:00:44 [info]: 🔍 Incoming Request: POST /api/v1/auth/login
2026-04-15 03:00:45 [info]: 🔍 Incoming Request: GET /api/v1/customers?limit=200&page=1
2026-04-15 03:00:45 [info]: 🔍 Incoming Request: GET /api/v1/payments?limit=200&page=1
2026-04-15 03:00:45 [info]: 🔍 Incoming Request: GET /api/v1/payments/stats
2026-04-15 03:00:45 [info]: 🔍 Incoming Request: GET /api/v1/subscriptions?limit=200&page=1
2026-04-15 03:00:45 [info]: 🔍 Incoming Request: GET /api/v1/customers?limit=200&page=1
2026-04-15 03:00:45 [info]: 🔍 Incoming Request: GET /api/v1/subscriptions?limit=200&page=1
2026-04-15 03:00:45 [info]: 🔍 Incoming Request: GET /api/v1/payments?limit=200&page=1
2026-04-15 03:00:45 [info]: 🔍 Incoming Request: GET /api/v1/payments/stats
2026-04-15 03:01:42 [info]: 🔍 Incoming Request: GET /api/v1/customers?limit=200&page=1
2026-04-15 03:01:42 [info]: 🔍 Incoming Request: GET /api/v1/subscriptions?limit=200&page=1
2026-04-15 03:01:42 [info]: 🔍 Incoming Request: GET /api/v1/payments?limit=200&page=1
2026-04-15 03:01:42 [info]: 🔍 Incoming Request: GET /api/v1/payments/stats
2026-04-15 03:01:45 [info]: 🔍 Incoming Request: GET /api/v1/customers?limit=300&page=1
2026-04-15 03:01:45 [info]: 🔍 Incoming Request: GET /api/v1/subscriptions?limit=300&page=1
2026-04-15 03:01:45 [warn]: GET /api/v1/customers [400] - limit: Too big: expected number to be <=200
2026-04-15 03:01:45 [warn]: GET /api/v1/subscriptions [400] - limit: Too big: expected number to be <=200
2026-04-15 03:01:52 [info]: 🔍 Incoming Request: GET /api/v1/plans?limit=300&page=1
2026-04-15 03:01:52 [warn]: GET /api/v1/plans [400] - limit: Too big: expected number to be <=200
2026-04-15 03:01:53 [info]: 🔍 Incoming Request: GET /api/v1/customers?limit=300&page=1
2026-04-15 03:01:53 [info]: 🔍 Incoming Request: GET /api/v1/subscriptions?limit=300&page=1
2026-04-15 03:01:53 [info]: 🔍 Incoming Request: GET /api/v1/payments?limit=300&page=1
2026-04-15 03:01:53 [warn]: GET /api/v1/customers [400] - limit: Too big: expected number to be <=200
2026-04-15 03:01:53 [warn]: GET /api/v1/subscriptions [400] - limit: Too big: expected number to be <=200
2026-04-15 03:01:53 [warn]: GET /api/v1/payments [400] - limit: Too big: expected number to be <=200
2026-04-15 03:01:54 [info]: 🔍 Incoming Request: GET /api/v1/customers?limit=300&page=1
2026-04-15 03:01:54 [info]: 🔍 Incoming Request: GET /api/v1/subscriptions?limit=300&page=1
2026-04-15 03:01:54 [info]: 🔍 Incoming Request: GET /api/v1/payments?limit=300&page=1
2026-04-15 03:01:54 [warn]: GET /api/v1/customers [400] - limit: Too big: expected number to be <=200
2026-04-15 03:01:54 [info]: 🔍 Incoming Request: GET /api/v1/payments/stats
2026-04-15 03:01:54 [warn]: GET /api/v1/subscriptions [400] - limit: Too big: expected number to be <=200
2026-04-15 03:01:54 [warn]: GET /api/v1/payments [400] - limit: Too big: expected number to be <=200
2026-04-15 03:01:54 [info]: 🔍 Incoming Request: GET /api/v1/support-tickets?limit=300&page=1
2026-04-15 03:01:54 [warn]: GET /api/v1/support-tickets [400] - limit: Too big: expected number to be <=200
2026-04-15 03:01:55 [info]: 🔍 Incoming Request: GET /api/v1/customers?limit=100&page=1
2026-04-15 03:02:05 [info]: 🔍 Incoming Request: GET /api/v1/customers?limit=500&page=1
2026-04-15 03:02:05 [info]: 🔍 Incoming Request: GET /api/v1/plans?limit=500&page=1
2026-04-15 03:02:05 [info]: 🔍 Incoming Request: GET /api/v1/subscriptions?limit=500&page=1
2026-04-15 03:02:05 [info]: 🔍 Incoming Request: GET /api/v1/payments?limit=500&page=1
2026-04-15 03:02:05 [info]: 🔍 Incoming Request: GET /api/v1/support-tickets?limit=500&page=1
2026-04-15 03:02:05 [warn]: GET /api/v1/customers [400] - limit: Too big: expected number to be <=200
2026-04-15 03:02:05 [warn]: GET /api/v1/plans [400] - limit: Too big: expected number to be <=200
2026-04-15 03:02:05 [warn]: GET /api/v1/subscriptions [400] - limit: Too big: expected number to be <=200
2026-04-15 03:02:05 [warn]: GET /api/v1/payments [400] - limit: Too big: expected number to be <=200
2026-04-15 03:02:05 [warn]: GET /api/v1/support-tickets [400] - limit: Too big: expected number to be <=200
2026-04-15 03:03:33 [info]: 🔍 Incoming Request: GET /api/v1/customers?limit=200&page=1
2026-04-15 03:03:33 [info]: 🔍 Incoming Request: GET /api/v1/subscriptions?limit=200&page=1
2026-04-15 03:03:33 [info]: 🔍 Incoming Request: GET /api/v1/payments?limit=200&page=1
2026-04-15 03:03:33 [info]: 🔍 Incoming Request: GET /api/v1/payments/stats
2026-04-15 03:03:53 [info]: 🔍 Incoming Request: GET /api/v1/customers?limit=100&page=1
2026-04-15 03:03:55 [info]: 🔍 Incoming Request: GET /api/v1/customers?limit=100&page=1
2026-04-15 03:10:25 [info]: 🔍 Incoming Request: POST /api/v1/auth/login
2026-04-15 03:10:25 [info]: 🔍 Incoming Request: POST /api/v1/auth/login
2026-04-15 03:10:25 [info]: 🔍 Incoming Request: POST /api/v1/auth/login
2026-04-15 03:10:25 [info]: 🔍 Incoming Request: POST /api/v1/auth/login
2026-04-15 03:10:26 [info]: 🔍 Incoming Request: GET /api/v1/payments/stats
2026-04-15 03:10:26 [info]: 🔍 Incoming Request: GET /api/v1/subscriptions?limit=200&page=1
2026-04-15 03:10:27 [info]: 🔍 Incoming Request: GET /api/v1/customers?limit=200&page=1
2026-04-15 03:10:27 [info]: 🔍 Incoming Request: GET /api/v1/payments?limit=200&page=1
2026-04-15 03:10:32 [info]: 🔍 Incoming Request: POST /api/v1/auth/login
2026-04-15 03:10:32 [info]: 🔍 Incoming Request: POST /api/v1/auth/login
2026-04-15 03:10:32 [info]: 🔍 Incoming Request: POST /api/v1/auth/login
2026-04-15 03:10:32 [info]: 🔍 Incoming Request: POST /api/v1/auth/login
2026-04-15 03:10:34 [info]: 🔍 Incoming Request: GET /api/v1/customers?limit=200&page=1
2026-04-15 03:10:34 [info]: 🔍 Incoming Request: GET /api/v1/payments?limit=200&page=1
2026-04-15 03:10:34 [info]: 🔍 Incoming Request: GET /api/v1/subscriptions?limit=200&page=1
2026-04-15 03:10:34 [info]: 🔍 Incoming Request: GET /api/v1/payments/stats
2026-04-15 03:10:55 [info]: 🔍 Incoming Request: GET /api/v1/customers?limit=200&page=1
2026-04-15 03:10:55 [info]: 🔍 Incoming Request: GET /api/v1/subscriptions?limit=200&page=1
2026-04-15 03:10:55 [info]: 🔍 Incoming Request: GET /api/v1/payments?limit=200&page=1
2026-04-15 03:10:55 [info]: 🔍 Incoming Request: GET /api/v1/payments/stats
2026-04-15 03:10:58 [info]: 🔍 Incoming Request: GET /api/v1/customers?limit=300&page=1
2026-04-15 03:10:58 [info]: 🔍 Incoming Request: GET /api/v1/subscriptions?limit=300&page=1
2026-04-15 03:10:58 [warn]: GET /api/v1/customers [400] - limit: Too big: expected number to be <=200
2026-04-15 03:10:58 [warn]: GET /api/v1/subscriptions [400] - limit: Too big: expected number to be <=200
2026-04-15 03:10:59 [info]: 🔍 Incoming Request: GET /api/v1/plans?limit=300&page=1
2026-04-15 03:10:59 [warn]: GET /api/v1/plans [400] - limit: Too big: expected number to be <=200
2026-04-15 03:11:00 [info]: 🔍 Incoming Request: GET /api/v1/customers?limit=300&page=1
2026-04-15 03:11:00 [info]: 🔍 Incoming Request: GET /api/v1/subscriptions?limit=300&page=1
2026-04-15 03:11:00 [warn]: GET /api/v1/customers [400] - limit: Too big: expected number to be <=200
2026-04-15 03:11:00 [info]: 🔍 Incoming Request: GET /api/v1/payments?limit=300&page=1
2026-04-15 03:11:00 [warn]: GET /api/v1/subscriptions [400] - limit: Too big: expected number to be <=200
2026-04-15 03:11:00 [warn]: GET /api/v1/payments [400] - limit: Too big: expected number to be <=200
2026-04-15 03:11:02 [info]: 🔍 Incoming Request: GET /api/v1/customers?limit=300&page=1
2026-04-15 03:11:02 [info]: 🔍 Incoming Request: GET /api/v1/subscriptions?limit=300&page=1
2026-04-15 03:11:02 [info]: 🔍 Incoming Request: GET /api/v1/payments?limit=300&page=1
2026-04-15 03:11:02 [warn]: GET /api/v1/customers [400] - limit: Too big: expected number to be <=200
2026-04-15 03:11:02 [info]: 🔍 Incoming Request: GET /api/v1/payments/stats
2026-04-15 03:11:02 [warn]: GET /api/v1/subscriptions [400] - limit: Too big: expected number to be <=200
2026-04-15 03:11:02 [warn]: GET /api/v1/payments [400] - limit: Too big: expected number to be <=200
2026-04-15 03:11:03 [info]: 🔍 Incoming Request: GET /api/v1/support-tickets?limit=300&page=1
2026-04-15 03:11:03 [warn]: GET /api/v1/support-tickets [400] - limit: Too big: expected number to be <=200
2026-04-15 03:11:05 [info]: 🔍 Incoming Request: GET /api/v1/customers?limit=100&page=1
2026-04-15 03:11:13 [info]: 🔍 Incoming Request: GET /api/v1/customers?limit=200&page=1
2026-04-15 03:11:13 [info]: 🔍 Incoming Request: GET /api/v1/subscriptions?limit=200&page=1
2026-04-15 03:11:13 [info]: 🔍 Incoming Request: GET /api/v1/payments?limit=200&page=1
2026-04-15 03:11:13 [info]: 🔍 Incoming Request: GET /api/v1/payments/stats
2026-04-15 03:11:14 [info]: 🔍 Incoming Request: GET /api/v1/customers?limit=300&page=1
2026-04-15 03:11:14 [info]: 🔍 Incoming Request: GET /api/v1/subscriptions?limit=300&page=1
2026-04-15 03:11:14 [warn]: GET /api/v1/customers [400] - limit: Too big: expected number to be <=200
2026-04-15 03:11:14 [warn]: GET /api/v1/subscriptions [400] - limit: Too big: expected number to be <=200
2026-04-15 03:11:15 [info]: 🔍 Incoming Request: GET /api/v1/plans?limit=300&page=1
2026-04-15 03:11:15 [warn]: GET /api/v1/plans [400] - limit: Too big: expected number to be <=200
2026-04-15 03:11:15 [info]: 🔍 Incoming Request: GET /api/v1/customers?limit=300&page=1
2026-04-15 03:11:15 [info]: 🔍 Incoming Request: GET /api/v1/subscriptions?limit=300&page=1
2026-04-15 03:11:15 [info]: 🔍 Incoming Request: GET /api/v1/payments?limit=300&page=1
2026-04-15 03:11:15 [warn]: GET /api/v1/customers [400] - limit: Too big: expected number to be <=200
2026-04-15 03:11:15 [warn]: GET /api/v1/subscriptions [400] - limit: Too big: expected number to be <=200
2026-04-15 03:11:15 [warn]: GET /api/v1/payments [400] - limit: Too big: expected number to be <=200
2026-04-15 03:11:16 [info]: 🔍 Incoming Request: GET /api/v1/customers?limit=300&page=1
2026-04-15 03:11:16 [info]: 🔍 Incoming Request: GET /api/v1/subscriptions?limit=300&page=1
2026-04-15 03:11:16 [info]: 🔍 Incoming Request: GET /api/v1/payments?limit=300&page=1
2026-04-15 03:11:16 [info]: 🔍 Incoming Request: GET /api/v1/payments/stats
2026-04-15 03:11:16 [warn]: GET /api/v1/customers [400] - limit: Too big: expected number to be <=200
2026-04-15 03:11:16 [warn]: GET /api/v1/subscriptions [400] - limit: Too big: expected number to be <=200
2026-04-15 03:11:16 [warn]: GET /api/v1/payments [400] - limit: Too big: expected number to be <=200
2026-04-15 03:11:17 [info]: 🔍 Incoming Request: GET /api/v1/support-tickets?limit=300&page=1
2026-04-15 03:11:18 [warn]: GET /api/v1/support-tickets [400] - limit: Too big: expected number to be <=200
2026-04-15 03:11:18 [info]: 🔍 Incoming Request: GET /api/v1/customers?limit=100&page=1
2026-04-15 03:11:59 [info]: 📚 Swagger docs available at /api-docs
2026-04-15 03:11:59 [warn]: Admin React build missing at C:\Users\VICTUS\Desktop\Oxygen\Server\frontend\dist\index.html. Route /admin-react will return 503 until built.
2026-04-15 03:11:59 [info]: [SubscriptionLifecycle] Job started (every 60s)
2026-04-15 03:12:00 [info]: 🚀 Server running on port 7000
