2026-06-07 06:34:24 [info]: 📚 Swagger docs available at /api-docs
2026-06-07 06:34:24 [warn]: Admin React build missing at C:\Users\VICTUS\Desktop\Oxygen\frontend\dist\index.html. Route /admin-react will return 503 until built.
2026-06-07 06:34:25 [info]: [SubscriptionLifecycle] Job started (every 60s)
2026-06-07 06:34:25 [info]: 🚀 Server running on port 7000 (0.0.0.0)
2026-06-07 07:16:14 [info]: 📚 Swagger docs available at /api-docs
2026-06-07 07:16:14 [warn]: Admin React build missing at C:\Users\VICTUS\Desktop\Oxygen\frontend\dist\index.html. Route /admin-react will return 503 until built.
2026-06-07 07:16:14 [info]: [SubscriptionLifecycle] Job started (every 60s)
2026-06-07 07:16:14 [info]: 🚀 Server running on port 7000 (0.0.0.0)
2026-06-07 07:16:31 [info]: 📚 Swagger docs available at /api-docs
2026-06-07 07:16:31 [warn]: Admin React build missing at C:\Users\VICTUS\Desktop\Oxygen\frontend\dist\index.html. Route /admin-react will return 503 until built.
2026-06-07 07:16:32 [info]: [SubscriptionLifecycle] Job started (every 60s)
2026-06-07 07:16:32 [info]: 🚀 Server running on port 7000 (0.0.0.0)
2026-06-07 07:17:36 [info]: 📚 Swagger docs available at /api-docs
2026-06-07 07:17:36 [warn]: Admin React build missing at C:\Users\VICTUS\Desktop\Oxygen\frontend\dist\index.html. Route /admin-react will return 503 until built.
2026-06-07 07:17:37 [info]: [SubscriptionLifecycle] Job started (every 60s)
2026-06-07 07:17:37 [info]: 🚀 Server running on port 7000 (0.0.0.0)
2026-06-07 07:22:07 [info]: 📚 Swagger docs available at /api-docs
2026-06-07 07:22:07 [warn]: Admin React build missing at C:\Users\VICTUS\Desktop\Oxygen\frontend\dist\index.html. Route /admin-react will return 503 until built.
2026-06-07 07:22:08 [info]: [SubscriptionLifecycle] Job started (every 60s)
2026-06-07 07:22:08 [info]: 🚀 Server running on port 7000 (0.0.0.0)
2026-06-07 07:35:03 [info]: 📚 Swagger docs available at /api-docs
2026-06-07 07:35:03 [warn]: Admin React build missing at C:\Users\VICTUS\Desktop\Oxygen\frontend\dist\index.html. Route /admin-react will return 503 until built.
2026-06-07 07:35:04 [info]: [SubscriptionLifecycle] Job started (every 60s)
2026-06-07 07:35:04 [info]: 🚀 Server running on port 7000 (0.0.0.0)
2026-06-07 07:35:27 [info]: 📚 Swagger docs available at /api-docs
2026-06-07 07:35:27 [warn]: Admin React build missing at C:\Users\VICTUS\Desktop\Oxygen\frontend\dist\index.html. Route /admin-react will return 503 until built.
2026-06-07 07:35:28 [info]: [SubscriptionLifecycle] Job started (every 60s)
2026-06-07 07:35:28 [info]: 🚀 Server running on port 7000 (0.0.0.0)
2026-06-07 07:36:03 [info]: 📚 Swagger docs available at /api-docs
2026-06-07 07:36:03 [warn]: Admin React build missing at C:\Users\VICTUS\Desktop\Oxygen\frontend\dist\index.html. Route /admin-react will return 503 until built.
2026-06-07 07:36:04 [info]: [SubscriptionLifecycle] Job started (every 60s)
2026-06-07 07:36:04 [info]: 🚀 Server running on port 7000 (0.0.0.0)
2026-06-07 07:36:14 [info]: 🔍 Incoming Request: POST /api/v1/auth/login
2026-06-07 07:37:02 [info]: 🔍 Incoming Request: POST /api/v1/auth/login
2026-06-07 07:37:20 [info]: 🔍 Incoming Request: POST /api/v1/auth/login
2026-06-07 07:37:20 [warn]: POST /api/v1/auth/login [401] - Invalid credentials
2026-06-07 07:37:44 [info]: 🔍 Incoming Request: POST /api/v1/auth/login
2026-06-07 07:39:51 [info]: 🔍 Incoming Request: POST /api/v1/auth/login
2026-06-07 07:39:52 [info]: 🔍 Incoming Request: GET /api/v1/customers?limit=200
2026-06-07 07:39:52 [warn]: GET /api/v1/customers [403] - You do not have permission to perform this action
2026-06-07 07:39:52 [info]: 🔍 Incoming Request: GET /api/v1/plans
2026-06-07 07:41:06 [info]: 🔍 Incoming Request: GET /api/v1/customers/me
2026-06-07 07:41:07 [info]: 🔍 Incoming Request: GET /api/v1/customers/me
2026-06-07 07:41:07 [info]: 🔍 Incoming Request: GET /api/v1/customers?limit=200
2026-06-07 07:41:07 [info]: 🔍 Incoming Request: GET /api/v1/plans
2026-06-07 07:41:07 [warn]: GET /api/v1/customers [403] - You do not have permission to perform this action
2026-06-07 07:41:08 [info]: 🔍 Incoming Request: POST /api/v1/auth/logout
2026-06-07 07:41:24 [info]: 🔍 Incoming Request: POST /api/v1/auth/login
2026-06-07 07:41:25 [info]: 🔍 Incoming Request: GET /api/v1/customers?limit=200
2026-06-07 07:41:25 [warn]: GET /api/v1/customers [403] - You do not have permission to perform this action
2026-06-07 07:41:25 [info]: 🔍 Incoming Request: GET /api/v1/plans
2026-06-07 07:41:39 [info]: 🔍 Incoming Request: POST /api/v1/auth/logout
2026-06-07 07:41:53 [info]: 🔍 Incoming Request: POST /api/v1/auth/login
2026-06-07 07:41:54 [info]: 🔍 Incoming Request: GET /api/v1/customers?limit=200
2026-06-07 07:41:54 [info]: 🔍 Incoming Request: GET /api/v1/plans
2026-06-07 07:41:54 [warn]: GET /api/v1/customers [403] - You do not have permission to perform this action
2026-06-07 07:42:04 [info]: 🔍 Incoming Request: POST /api/v1/auth/logout
2026-06-07 07:57:10 [info]: 📚 Swagger docs available at /api-docs
2026-06-07 07:57:10 [warn]: Admin React build missing at C:\Users\VICTUS\Desktop\Oxygen\frontend\dist\index.html. Route /admin-react will return 503 until built.
2026-06-07 07:57:11 [info]: [SubscriptionLifecycle] Job started (every 60s)
2026-06-07 07:57:11 [info]: 🚀 Server running on port 7000 (0.0.0.0)
