2026-04-12 21:35:59 [info]: 📚 Swagger docs available at /api-docs
2026-04-12 21:35:59 [info]: 🧭 React admin dashboard served at /admin-react
2026-04-12 21:35:59 [info]: 🚀 Server running on port 7000
2026-04-12 21:36:11 [info]: 🔍 Incoming Request: POST /api/v1/auth/login
2026-04-12 21:36:11 [warn]: POST /api/v1/auth/login [401] - Invalid credentials
2026-04-12 21:36:28 [info]: 🔍 Incoming Request: POST /api/v1/auth/login
2026-04-12 21:36:29 [info]: 🔍 Incoming Request: GET /api/v1/customers/me
2026-04-12 21:36:30 [info]: 🔍 Incoming Request: GET /api/v1/subscriptions?limit=50&page=1
2026-04-12 21:36:31 [info]: 🔍 Incoming Request: GET /api/v1/subscriptions/69d7aaab4a9220c0735bbabf/usage
2026-04-12 21:36:32 [info]: 🔍 Incoming Request: GET /api/v1/payments?limit=50&page=1
2026-04-12 21:36:33 [info]: 🔍 Incoming Request: GET /api/v1/customers?limit=50&page=1
2026-04-12 21:36:34 [info]: 🔍 Incoming Request: GET /api/v1/plans?limit=50&page=1
2026-04-12 21:36:35 [info]: 🔍 Incoming Request: GET /api/v1/subscriptions?limit=50&page=1
2026-04-12 21:36:36 [info]: 🔍 Incoming Request: GET /api/v1/payments?limit=50&page=1
2026-04-12 21:36:37 [info]: 🔍 Incoming Request: GET /api/v1/payments/stats
2026-04-12 21:36:55 [info]: 🔍 Incoming Request: GET /api/v1/customers/me
2026-04-12 21:36:56 [info]: 🔍 Incoming Request: GET /api/v1/subscriptions?limit=50&page=1
2026-04-12 21:36:57 [info]: 🔍 Incoming Request: GET /api/v1/subscriptions/69d7aaab4a9220c0735bbabf/usage
2026-04-12 21:36:58 [info]: 🔍 Incoming Request: GET /api/v1/payments?limit=50&page=1
2026-04-12 21:36:59 [info]: 🔍 Incoming Request: GET /api/v1/customers?limit=50&page=1
2026-04-12 21:36:59 [info]: 🔍 Incoming Request: GET /api/v1/plans?limit=50&page=1
2026-04-12 21:37:00 [info]: 🔍 Incoming Request: GET /api/v1/subscriptions?limit=50&page=1
2026-04-12 21:37:01 [info]: 🔍 Incoming Request: GET /api/v1/payments?limit=50&page=1
2026-04-12 21:37:02 [info]: 🔍 Incoming Request: GET /api/v1/payments/stats
2026-04-12 21:47:31 [info]: 🔍 Incoming Request: GET /api/v1/customers/me
2026-04-12 21:47:32 [info]: 🔍 Incoming Request: GET /api/v1/subscriptions?limit=50&page=1
2026-04-12 21:47:33 [info]: 🔍 Incoming Request: GET /api/v1/subscriptions/69d7aaab4a9220c0735bbabf/usage
2026-04-12 21:47:34 [info]: 🔍 Incoming Request: GET /api/v1/payments?limit=50&page=1
2026-04-12 21:47:35 [info]: 🔍 Incoming Request: GET /api/v1/customers?limit=50&page=1
2026-04-12 21:47:36 [info]: 🔍 Incoming Request: GET /api/v1/plans?limit=50&page=1
2026-04-12 21:47:37 [info]: 🔍 Incoming Request: GET /api/v1/subscriptions?limit=50&page=1
2026-04-12 21:47:38 [info]: 🔍 Incoming Request: GET /api/v1/payments?limit=50&page=1
2026-04-12 21:47:39 [info]: 🔍 Incoming Request: GET /api/v1/payments/stats
2026-04-12 21:53:15 [info]: 🔍 Incoming Request: POST /api/v1/auth/login
2026-04-12 21:53:16 [info]: 🔍 Incoming Request: GET /api/v1/customers/me
2026-04-12 21:53:17 [info]: 🔍 Incoming Request: GET /api/v1/subscriptions?limit=50&page=1
2026-04-12 21:53:18 [info]: 🔍 Incoming Request: GET /api/v1/subscriptions/69d7aaab4a9220c0735bbabf/usage
2026-04-12 21:53:19 [info]: 🔍 Incoming Request: GET /api/v1/payments?limit=50&page=1
2026-04-12 21:53:20 [info]: 🔍 Incoming Request: GET /api/v1/customers?limit=50&page=1
2026-04-12 21:53:21 [info]: 🔍 Incoming Request: GET /api/v1/plans?limit=50&page=1
2026-04-12 21:53:22 [info]: 🔍 Incoming Request: GET /api/v1/subscriptions?limit=50&page=1
2026-04-12 21:53:23 [info]: 🔍 Incoming Request: GET /api/v1/payments?limit=50&page=1
2026-04-12 21:53:24 [info]: 🔍 Incoming Request: GET /api/v1/payments/stats
