2026-04-25 20:41:16 [info]: 📚 Swagger docs available at /api-docs
2026-04-25 20:41:16 [warn]: Admin React build missing at C:\Users\VICTUS\Desktop\Oxygen\Server\frontend\dist\index.html. Route /admin-react will return 503 until built.
2026-04-25 20:41:26 [info]: [SubscriptionLifecycle] Job started (every 60s)
2026-04-25 20:41:26 [warn]: MongoDB is unavailable. Server will stay up in degraded mode and retry every 15s.
2026-04-25 20:41:26 [info]: 🚀 Server running on port 7000
2026-04-25 20:41:41 [info]: Retrying MongoDB connection...
2026-04-25 20:41:56 [info]: Retrying MongoDB connection...
2026-04-25 20:42:11 [info]: Retrying MongoDB connection...
2026-04-25 20:42:26 [info]: Retrying MongoDB connection...
2026-04-25 20:42:41 [info]: Retrying MongoDB connection...
2026-04-25 20:42:56 [info]: Retrying MongoDB connection...
2026-04-25 20:43:11 [info]: Retrying MongoDB connection...
2026-04-25 20:43:26 [info]: Retrying MongoDB connection...
2026-04-25 20:43:41 [info]: Retrying MongoDB connection...
2026-04-25 20:43:56 [info]: Retrying MongoDB connection...
2026-04-25 20:44:11 [info]: Retrying MongoDB connection...
2026-04-25 20:44:26 [info]: Retrying MongoDB connection...
2026-04-25 20:44:41 [info]: Retrying MongoDB connection...
2026-04-25 20:44:56 [info]: Retrying MongoDB connection...
2026-04-25 20:45:11 [info]: Retrying MongoDB connection...
2026-04-25 20:45:26 [info]: Retrying MongoDB connection...
2026-04-25 20:45:41 [info]: Retrying MongoDB connection...
2026-04-25 20:45:56 [info]: Retrying MongoDB connection...
2026-04-25 20:46:11 [info]: Retrying MongoDB connection...
2026-04-25 20:46:26 [info]: Retrying MongoDB connection...
2026-04-25 20:46:41 [info]: Retrying MongoDB connection...
2026-04-25 20:46:57 [info]: Retrying MongoDB connection...
2026-04-25 20:47:12 [info]: Retrying MongoDB connection...
2026-04-25 20:47:27 [info]: Retrying MongoDB connection...
2026-04-25 20:47:42 [info]: Retrying MongoDB connection...
2026-04-25 20:47:57 [info]: Retrying MongoDB connection...
2026-04-25 20:48:12 [info]: Retrying MongoDB connection...
2026-04-25 20:48:27 [info]: Retrying MongoDB connection...
2026-04-25 20:48:42 [info]: Retrying MongoDB connection...
2026-04-25 20:48:57 [info]: Retrying MongoDB connection...
2026-04-25 20:49:12 [info]: Retrying MongoDB connection...
2026-04-25 20:49:27 [info]: Retrying MongoDB connection...
2026-04-25 20:49:42 [info]: Retrying MongoDB connection...
2026-04-25 20:49:57 [info]: Retrying MongoDB connection...
2026-04-25 20:50:12 [info]: Retrying MongoDB connection...
2026-04-25 20:50:27 [info]: Retrying MongoDB connection...
2026-04-25 20:50:42 [info]: Retrying MongoDB connection...
2026-04-25 20:50:57 [info]: Retrying MongoDB connection...
2026-04-25 20:51:12 [info]: Retrying MongoDB connection...
2026-04-25 20:51:27 [info]: Retrying MongoDB connection...
2026-04-25 20:51:42 [info]: Retrying MongoDB connection...
2026-04-25 20:51:57 [info]: Retrying MongoDB connection...
2026-04-25 20:52:12 [info]: Retrying MongoDB connection...
2026-04-25 20:52:27 [info]: Retrying MongoDB connection...
2026-04-25 20:52:42 [info]: Retrying MongoDB connection...
2026-04-25 20:52:57 [info]: Retrying MongoDB connection...
2026-04-25 20:53:12 [info]: Retrying MongoDB connection...
2026-04-25 20:53:27 [info]: Retrying MongoDB connection...
2026-04-25 20:53:42 [info]: Retrying MongoDB connection...
2026-04-25 20:53:57 [info]: Retrying MongoDB connection...
2026-04-25 20:54:12 [info]: Retrying MongoDB connection...
2026-04-25 20:54:27 [info]: Retrying MongoDB connection...
2026-04-25 20:54:42 [info]: Retrying MongoDB connection...
2026-04-25 20:54:57 [info]: Retrying MongoDB connection...
2026-04-25 20:55:12 [info]: Retrying MongoDB connection...
2026-04-25 20:55:27 [info]: Retrying MongoDB connection...
2026-04-25 20:55:42 [info]: Retrying MongoDB connection...
2026-04-25 20:55:57 [info]: Retrying MongoDB connection...
2026-04-25 20:56:12 [info]: Retrying MongoDB connection...
2026-04-25 20:56:27 [info]: Retrying MongoDB connection...
2026-04-25 20:56:42 [info]: Retrying MongoDB connection...
2026-04-25 20:56:57 [info]: Retrying MongoDB connection...
2026-04-25 20:57:12 [info]: Retrying MongoDB connection...
2026-04-25 20:57:27 [info]: Retrying MongoDB connection...
2026-04-25 20:57:42 [info]: Retrying MongoDB connection...
2026-04-25 20:57:57 [info]: Retrying MongoDB connection...
2026-04-25 20:58:12 [info]: Retrying MongoDB connection...
2026-04-25 20:58:27 [info]: Retrying MongoDB connection...
2026-04-25 20:58:42 [info]: Retrying MongoDB connection...
2026-04-25 20:58:57 [info]: Retrying MongoDB connection...
2026-04-25 20:59:12 [info]: Retrying MongoDB connection...
2026-04-25 20:59:27 [info]: Retrying MongoDB connection...
2026-04-25 20:59:42 [info]: Retrying MongoDB connection...
2026-04-25 20:59:57 [info]: Retrying MongoDB connection...
2026-04-25 21:00:12 [info]: Retrying MongoDB connection...
2026-04-25 21:00:27 [info]: Retrying MongoDB connection...
2026-04-25 21:00:42 [info]: Retrying MongoDB connection...
2026-04-25 21:00:57 [info]: Retrying MongoDB connection...
2026-04-25 21:01:12 [info]: Retrying MongoDB connection...
2026-04-25 21:01:27 [info]: Retrying MongoDB connection...
2026-04-25 21:01:42 [info]: Retrying MongoDB connection...
2026-04-25 21:01:57 [info]: Retrying MongoDB connection...
2026-04-25 21:02:12 [info]: Retrying MongoDB connection...
2026-04-25 21:02:27 [info]: Retrying MongoDB connection...
2026-04-25 21:02:42 [info]: Retrying MongoDB connection...
2026-04-25 21:02:57 [info]: Retrying MongoDB connection...
2026-04-25 21:03:12 [info]: Retrying MongoDB connection...
2026-04-25 21:03:27 [info]: Retrying MongoDB connection...
2026-04-25 21:03:42 [info]: Retrying MongoDB connection...
2026-04-25 21:03:57 [info]: Retrying MongoDB connection...
2026-04-25 21:04:12 [info]: Retrying MongoDB connection...
2026-04-25 21:04:27 [info]: Retrying MongoDB connection...
2026-04-25 21:04:42 [info]: Retrying MongoDB connection...
2026-04-25 21:04:57 [info]: Retrying MongoDB connection...
2026-04-25 21:05:12 [info]: Retrying MongoDB connection...
2026-04-25 21:05:27 [info]: Retrying MongoDB connection...
2026-04-25 21:05:42 [info]: Retrying MongoDB connection...
2026-04-25 21:05:57 [info]: Retrying MongoDB connection...
2026-04-25 21:06:12 [info]: Retrying MongoDB connection...
2026-04-25 21:06:27 [info]: Retrying MongoDB connection...
2026-04-25 21:06:42 [info]: Retrying MongoDB connection...
2026-04-25 21:06:57 [info]: Retrying MongoDB connection...
2026-04-25 21:07:12 [info]: Retrying MongoDB connection...
2026-04-25 21:07:27 [info]: Retrying MongoDB connection...
2026-04-25 21:07:42 [info]: Retrying MongoDB connection...
2026-04-25 21:07:57 [info]: Retrying MongoDB connection...
2026-04-25 21:08:12 [info]: Retrying MongoDB connection...
2026-04-25 21:08:27 [info]: Retrying MongoDB connection...
2026-04-25 21:08:42 [info]: Retrying MongoDB connection...
2026-04-25 21:08:57 [info]: Retrying MongoDB connection...
2026-04-25 21:09:12 [info]: Retrying MongoDB connection...
2026-04-25 21:09:27 [info]: Retrying MongoDB connection...
2026-04-25 21:09:42 [info]: Retrying MongoDB connection...
2026-04-25 21:09:57 [info]: Retrying MongoDB connection...
2026-04-25 21:10:12 [info]: Retrying MongoDB connection...
2026-04-25 21:10:27 [info]: Retrying MongoDB connection...
2026-04-25 21:10:42 [info]: Retrying MongoDB connection...
2026-04-25 21:10:57 [info]: Retrying MongoDB connection...
2026-04-25 21:11:12 [info]: Retrying MongoDB connection...
2026-04-25 21:11:27 [info]: Retrying MongoDB connection...
2026-04-25 21:11:42 [info]: Retrying MongoDB connection...
2026-04-25 21:11:57 [info]: Retrying MongoDB connection...
2026-04-25 21:12:12 [info]: Retrying MongoDB connection...
2026-04-25 21:12:27 [info]: Retrying MongoDB connection...
2026-04-25 21:12:42 [info]: Retrying MongoDB connection...
2026-04-25 21:20:34 [info]: Retrying MongoDB connection...
2026-04-25 21:20:49 [info]: Retrying MongoDB connection...
2026-04-25 21:21:04 [info]: Retrying MongoDB connection...
2026-04-25 21:21:19 [info]: Retrying MongoDB connection...
2026-04-25 21:21:34 [info]: Retrying MongoDB connection...
2026-04-25 21:21:49 [info]: Retrying MongoDB connection...
2026-04-25 21:22:04 [info]: Retrying MongoDB connection...
2026-04-25 21:22:20 [info]: Retrying MongoDB connection...
2026-04-25 21:22:35 [info]: Retrying MongoDB connection...
2026-04-25 21:22:50 [info]: Retrying MongoDB connection...
2026-04-25 21:23:05 [info]: Retrying MongoDB connection...
2026-04-25 21:23:20 [info]: Retrying MongoDB connection...
2026-04-25 21:23:35 [info]: Retrying MongoDB connection...
2026-04-25 21:23:50 [info]: Retrying MongoDB connection...
2026-04-25 21:24:05 [info]: Retrying MongoDB connection...
2026-04-25 21:24:20 [info]: Retrying MongoDB connection...
2026-04-25 21:24:35 [info]: Retrying MongoDB connection...
2026-04-25 21:24:50 [info]: Retrying MongoDB connection...
2026-04-25 21:25:05 [info]: Retrying MongoDB connection...
2026-04-25 21:25:20 [info]: Retrying MongoDB connection...
2026-04-25 21:25:35 [info]: Retrying MongoDB connection...
2026-04-25 21:25:50 [info]: Retrying MongoDB connection...
2026-04-25 21:26:05 [info]: Retrying MongoDB connection...
2026-04-25 21:26:20 [info]: Retrying MongoDB connection...
2026-04-25 21:26:35 [info]: Retrying MongoDB connection...
2026-04-25 21:26:50 [info]: Retrying MongoDB connection...
2026-04-25 21:27:05 [info]: Retrying MongoDB connection...
2026-04-25 21:27:20 [info]: Retrying MongoDB connection...
2026-04-25 21:27:35 [info]: Retrying MongoDB connection...
2026-04-25 21:27:50 [info]: Retrying MongoDB connection...
2026-04-25 21:28:05 [info]: Retrying MongoDB connection...
2026-04-25 21:28:20 [info]: Retrying MongoDB connection...
2026-04-25 21:28:35 [info]: Retrying MongoDB connection...
2026-04-25 21:28:50 [info]: Retrying MongoDB connection...
2026-04-25 21:29:05 [info]: Retrying MongoDB connection...
2026-04-25 21:29:20 [info]: Retrying MongoDB connection...
2026-04-25 21:29:35 [info]: Retrying MongoDB connection...
2026-04-25 21:29:50 [info]: Retrying MongoDB connection...
2026-04-25 21:30:05 [info]: Retrying MongoDB connection...
2026-04-25 21:30:20 [info]: Retrying MongoDB connection...
2026-04-25 21:30:35 [info]: Retrying MongoDB connection...
2026-04-25 21:30:50 [info]: Retrying MongoDB connection...
2026-04-25 21:31:05 [info]: Retrying MongoDB connection...
2026-04-25 21:31:20 [info]: Retrying MongoDB connection...
2026-04-25 21:31:35 [info]: Retrying MongoDB connection...
2026-04-25 21:31:50 [info]: Retrying MongoDB connection...
2026-04-25 21:32:05 [info]: Retrying MongoDB connection...
2026-04-25 21:32:20 [info]: Retrying MongoDB connection...
2026-04-25 21:32:35 [info]: Retrying MongoDB connection...
2026-04-25 21:32:50 [info]: Retrying MongoDB connection...
2026-04-25 21:33:05 [info]: Retrying MongoDB connection...
2026-04-25 21:33:20 [info]: Retrying MongoDB connection...
2026-04-25 21:33:35 [info]: Retrying MongoDB connection...
2026-04-25 21:33:50 [info]: Retrying MongoDB connection...
2026-04-25 21:34:05 [info]: Retrying MongoDB connection...
2026-04-25 21:34:20 [info]: Retrying MongoDB connection...
2026-04-25 21:34:35 [info]: Retrying MongoDB connection...
2026-04-25 21:34:50 [info]: Retrying MongoDB connection...
2026-04-25 21:35:05 [info]: Retrying MongoDB connection...
2026-04-25 21:35:20 [info]: Retrying MongoDB connection...
2026-04-25 21:35:35 [info]: Retrying MongoDB connection...
2026-04-25 21:35:50 [info]: Retrying MongoDB connection...
2026-04-25 21:36:05 [info]: Retrying MongoDB connection...
2026-04-25 21:36:20 [info]: Retrying MongoDB connection...
2026-04-25 21:36:35 [info]: Retrying MongoDB connection...
2026-04-25 21:36:50 [info]: Retrying MongoDB connection...
2026-04-25 21:37:05 [info]: Retrying MongoDB connection...
2026-04-25 21:37:20 [info]: Retrying MongoDB connection...
2026-04-25 21:37:35 [info]: Retrying MongoDB connection...
2026-04-25 21:37:50 [info]: Retrying MongoDB connection...
2026-04-25 21:38:05 [info]: Retrying MongoDB connection...
2026-04-25 21:38:20 [info]: Retrying MongoDB connection...
2026-04-25 21:38:35 [info]: Retrying MongoDB connection...
2026-04-25 21:38:50 [info]: Retrying MongoDB connection...
2026-04-25 21:39:05 [info]: Retrying MongoDB connection...
2026-04-25 21:39:20 [info]: Retrying MongoDB connection...
2026-04-25 21:39:35 [info]: Retrying MongoDB connection...
2026-04-25 21:39:50 [info]: Retrying MongoDB connection...
2026-04-25 21:40:05 [info]: Retrying MongoDB connection...
2026-04-25 21:40:20 [info]: Retrying MongoDB connection...
2026-04-25 21:40:35 [info]: Retrying MongoDB connection...
2026-04-25 21:40:50 [info]: Retrying MongoDB connection...
2026-04-25 21:41:05 [info]: Retrying MongoDB connection...
2026-04-25 21:41:20 [info]: Retrying MongoDB connection...
2026-04-25 21:41:35 [info]: Retrying MongoDB connection...
2026-04-25 21:41:50 [info]: Retrying MongoDB connection...
2026-04-25 21:42:05 [info]: Retrying MongoDB connection...
2026-04-25 21:42:20 [info]: Retrying MongoDB connection...
2026-04-25 21:42:35 [info]: Retrying MongoDB connection...
2026-04-25 21:42:50 [info]: Retrying MongoDB connection...
2026-04-25 21:43:05 [info]: Retrying MongoDB connection...
2026-04-25 21:43:20 [info]: Retrying MongoDB connection...
2026-04-25 21:43:35 [info]: Retrying MongoDB connection...
2026-04-25 21:43:50 [info]: Retrying MongoDB connection...
2026-04-25 21:44:05 [info]: Retrying MongoDB connection...
2026-04-25 21:44:20 [info]: Retrying MongoDB connection...
2026-04-25 21:44:35 [info]: Retrying MongoDB connection...
2026-04-25 21:44:50 [info]: Retrying MongoDB connection...
2026-04-25 21:45:05 [info]: Retrying MongoDB connection...
2026-04-25 21:45:20 [info]: Retrying MongoDB connection...
2026-04-25 21:45:35 [info]: Retrying MongoDB connection...
2026-04-25 21:45:50 [info]: Retrying MongoDB connection...
2026-04-25 21:46:05 [info]: Retrying MongoDB connection...
2026-04-25 21:46:20 [info]: Retrying MongoDB connection...
2026-04-25 21:46:35 [info]: Retrying MongoDB connection...
2026-04-25 21:46:50 [info]: Retrying MongoDB connection...
2026-04-25 21:47:05 [info]: Retrying MongoDB connection...
2026-04-25 21:47:20 [info]: Retrying MongoDB connection...
2026-04-25 21:47:35 [info]: Retrying MongoDB connection...
2026-04-25 21:47:50 [info]: Retrying MongoDB connection...
2026-04-25 21:48:05 [info]: Retrying MongoDB connection...
2026-04-25 21:48:20 [info]: Retrying MongoDB connection...
2026-04-25 21:48:35 [info]: Retrying MongoDB connection...
2026-04-25 21:48:50 [info]: Retrying MongoDB connection...
2026-04-25 21:49:05 [info]: Retrying MongoDB connection...
2026-04-25 21:49:20 [info]: Retrying MongoDB connection...
2026-04-25 21:49:35 [info]: Retrying MongoDB connection...
2026-04-25 21:49:50 [info]: Retrying MongoDB connection...
2026-04-25 21:50:05 [info]: Retrying MongoDB connection...
2026-04-25 21:50:20 [info]: Retrying MongoDB connection...
2026-04-25 21:50:35 [info]: Retrying MongoDB connection...
2026-04-25 21:50:50 [info]: Retrying MongoDB connection...
2026-04-25 21:51:05 [info]: Retrying MongoDB connection...
2026-04-25 21:51:20 [info]: Retrying MongoDB connection...
2026-04-25 21:51:35 [info]: Retrying MongoDB connection...
2026-04-25 21:51:50 [info]: Retrying MongoDB connection...
2026-04-25 21:52:05 [info]: Retrying MongoDB connection...
2026-04-25 21:52:20 [info]: Retrying MongoDB connection...
2026-04-25 21:52:35 [info]: Retrying MongoDB connection...
2026-04-25 21:52:50 [info]: Retrying MongoDB connection...
2026-04-25 21:53:06 [info]: Retrying MongoDB connection...
2026-04-25 21:53:21 [info]: Retrying MongoDB connection...
2026-04-25 21:53:36 [info]: Retrying MongoDB connection...
2026-04-25 21:53:51 [info]: Retrying MongoDB connection...
2026-04-25 21:54:06 [info]: Retrying MongoDB connection...
2026-04-25 21:54:21 [info]: Retrying MongoDB connection...
2026-04-25 21:54:36 [info]: Retrying MongoDB connection...
2026-04-25 21:54:51 [info]: Retrying MongoDB connection...
2026-04-25 21:55:06 [info]: Retrying MongoDB connection...
2026-04-25 21:55:21 [info]: Retrying MongoDB connection...
2026-04-25 21:55:36 [info]: Retrying MongoDB connection...
2026-04-25 21:55:51 [info]: Retrying MongoDB connection...
2026-04-25 21:56:06 [info]: Retrying MongoDB connection...
2026-04-25 21:56:21 [info]: Retrying MongoDB connection...
2026-04-25 21:56:36 [info]: Retrying MongoDB connection...
2026-04-25 21:56:51 [info]: Retrying MongoDB connection...
2026-04-25 21:57:06 [info]: Retrying MongoDB connection...
2026-04-25 21:57:21 [info]: Retrying MongoDB connection...
2026-04-25 21:57:36 [info]: Retrying MongoDB connection...
2026-04-25 21:57:51 [info]: Retrying MongoDB connection...
2026-04-25 21:58:06 [info]: Retrying MongoDB connection...
2026-04-25 21:58:21 [info]: Retrying MongoDB connection...
2026-04-25 21:58:36 [info]: Retrying MongoDB connection...
2026-04-25 21:58:51 [info]: Retrying MongoDB connection...
2026-04-25 21:59:06 [info]: Retrying MongoDB connection...
2026-04-25 21:59:21 [info]: Retrying MongoDB connection...
2026-04-25 21:59:36 [info]: Retrying MongoDB connection...
2026-04-25 21:59:51 [info]: Retrying MongoDB connection...
2026-04-25 22:00:06 [info]: Retrying MongoDB connection...
2026-04-25 22:00:21 [info]: Retrying MongoDB connection...
2026-04-25 22:00:36 [info]: Retrying MongoDB connection...
2026-04-25 22:00:50 [info]: 🔍 Incoming Request: GET /api/v1/health
2026-04-25 22:00:51 [info]: Retrying MongoDB connection...
2026-04-25 22:01:06 [info]: Retrying MongoDB connection...
2026-04-25 22:01:21 [info]: Retrying MongoDB connection...
2026-04-25 22:01:36 [info]: Retrying MongoDB connection...
2026-04-25 22:01:51 [info]: Retrying MongoDB connection...
2026-04-25 22:02:06 [info]: Retrying MongoDB connection...
2026-04-25 22:02:21 [info]: Retrying MongoDB connection...
2026-04-25 22:02:36 [info]: Retrying MongoDB connection...
2026-04-25 22:02:51 [info]: Retrying MongoDB connection...
2026-04-25 22:03:06 [info]: Retrying MongoDB connection...
2026-04-25 22:03:21 [info]: Retrying MongoDB connection...
2026-04-25 22:03:36 [info]: Retrying MongoDB connection...
2026-04-25 22:03:51 [info]: Retrying MongoDB connection...
2026-04-25 22:04:06 [info]: Retrying MongoDB connection...
2026-04-25 22:04:21 [info]: Retrying MongoDB connection...
2026-04-25 22:04:36 [info]: Retrying MongoDB connection...
2026-04-25 22:04:51 [info]: Retrying MongoDB connection...
2026-04-25 22:05:06 [info]: Retrying MongoDB connection...
2026-04-25 22:05:21 [info]: Retrying MongoDB connection...
2026-04-25 22:05:36 [info]: Retrying MongoDB connection...
2026-04-25 22:05:51 [info]: Retrying MongoDB connection...
2026-04-25 22:06:06 [info]: Retrying MongoDB connection...
2026-04-25 22:06:21 [info]: Retrying MongoDB connection...
2026-04-25 22:06:36 [info]: Retrying MongoDB connection...
2026-04-25 22:06:51 [info]: Retrying MongoDB connection...
2026-04-25 22:07:06 [info]: Retrying MongoDB connection...
2026-04-25 22:07:21 [info]: Retrying MongoDB connection...
2026-04-25 22:07:36 [info]: Retrying MongoDB connection...
2026-04-25 22:07:44 [info]: MongoDB connection restored.
2026-04-25 22:13:29 [info]: 🔍 Incoming Request: GET /api/v1/health
2026-04-25 22:20:10 [info]: 🔍 Incoming Request: GET /api/v1/health
2026-04-25 22:31:54 [info]: 🔍 Incoming Request: GET /api/v1/health
2026-04-25 22:43:36 [info]: 🔍 Incoming Request: GET /api/v1/health
2026-04-25 22:47:47 [info]: 🔍 Incoming Request: GET /api/v1/health
2026-04-25 23:59:11 [info]: 📚 Swagger docs available at /api-docs
2026-04-25 23:59:11 [warn]: Admin React build missing at C:\Users\VICTUS\Desktop\Oxygen\Server\frontend\dist\index.html. Route /admin-react will return 503 until built.
2026-04-25 23:59:11 [info]: [SubscriptionLifecycle] Job started (every 60s)
2026-04-25 23:59:11 [info]: 🚀 Server running on port 7000
