2026-04-17 15:33:32 [info]: 🔍 Incoming Request: GET /api/v1/health
2026-04-17 15:43:25 [info]: 🔍 Incoming Request: GET /api/v1/health
2026-04-17 16:00:51 [info]: 🔍 Incoming Request: GET /api/v1/health
2026-04-17 16:12:58 [info]: 🔍 Incoming Request: GET /api/v1/health
2026-04-17 16:15:31 [info]: 🔍 Incoming Request: GET /api/v1/health
2026-04-17 16:16:44 [info]: 🔍 Incoming Request: GET /api/v1/health
2026-04-17 16:22:11 [info]: 🔍 Incoming Request: GET /api/v1/health
2026-04-17 16:27:42 [info]: 🔍 Incoming Request: GET /api/v1/health
2026-04-17 16:27:53 [info]: 🔍 Incoming Request: GET /api/v1/health
2026-04-17 16:33:41 [info]: 🔍 Incoming Request: GET /api/v1/health
2026-04-17 16:36:45 [info]: 🔍 Incoming Request: GET /api/v1/health
2026-04-17 16:37:17 [info]: 🔍 Incoming Request: GET /api/v1/health
2026-04-17 17:36:41 [info]: 📚 Swagger docs available at /api-docs
2026-04-17 17:36:41 [warn]: Admin React build missing at C:\Users\VICTUS\Desktop\Oxygen\Server\frontend\dist\index.html. Route /admin-react will return 503 until built.
2026-04-17 17:36:41 [info]: [SubscriptionLifecycle] Job started (every 60s)
2026-04-17 17:36:41 [info]: 🚀 Server running on port 7000
2026-04-17 17:37:11 [info]: 🔍 Incoming Request: POST /api/v1/auth/login
2026-04-17 17:37:11 [warn]: POST /api/v1/auth/login [401] - Invalid credentials
2026-04-17 17:37:58 [info]: 🔍 Incoming Request: POST /api/v1/auth/login
2026-04-17 17:37:59 [warn]: POST /api/v1/auth/login [401] - Invalid credentials
2026-04-17 17:46:35 [info]: 🔍 Incoming Request: GET /api/v1/health
2026-04-17 17:55:08 [info]: 📚 Swagger docs available at /api-docs
2026-04-17 17:55:08 [warn]: Admin React build missing at C:\Users\VICTUS\Desktop\Oxygen\Server\frontend\dist\index.html. Route /admin-react will return 503 until built.
2026-04-17 17:55:08 [info]: [SubscriptionLifecycle] Job started (every 60s)
2026-04-17 17:55:08 [info]: 🚀 Server running on port 7000
2026-04-17 17:55:41 [info]: 📚 Swagger docs available at /api-docs
2026-04-17 17:55:41 [warn]: Admin React build missing at C:\Users\VICTUS\Desktop\Oxygen\Server\frontend\dist\index.html. Route /admin-react will return 503 until built.
2026-04-17 17:55:41 [info]: [SubscriptionLifecycle] Job started (every 60s)
2026-04-17 17:55:41 [info]: 🚀 Server running on port 7000
2026-04-17 17:56:04 [info]: 📚 Swagger docs available at /api-docs
2026-04-17 17:56:04 [warn]: Admin React build missing at C:\Users\VICTUS\Desktop\Oxygen\Server\frontend\dist\index.html. Route /admin-react will return 503 until built.
2026-04-17 17:56:04 [info]: [SubscriptionLifecycle] Job started (every 60s)
2026-04-17 17:56:04 [info]: 🚀 Server running on port 7000
2026-04-17 18:09:08 [info]: 📚 Swagger docs available at /api-docs
2026-04-17 18:09:08 [warn]: Admin React build missing at C:\Users\VICTUS\Desktop\Oxygen\Server\frontend\dist\index.html. Route /admin-react will return 503 until built.
2026-04-17 18:09:08 [info]: [SubscriptionLifecycle] Job started (every 60s)
2026-04-17 18:09:08 [info]: 🚀 Server running on port 7000
2026-04-17 18:09:14 [info]: 📚 Swagger docs available at /api-docs
2026-04-17 18:09:14 [warn]: Admin React build missing at C:\Users\VICTUS\Desktop\Oxygen\Server\frontend\dist\index.html. Route /admin-react will return 503 until built.
2026-04-17 18:09:14 [info]: [SubscriptionLifecycle] Job started (every 60s)
2026-04-17 18:09:14 [info]: 🚀 Server running on port 7000
2026-04-17 18:10:06 [info]: 📚 Swagger docs available at /api-docs
2026-04-17 18:10:06 [warn]: Admin React build missing at C:\Users\VICTUS\Desktop\Oxygen\Server\frontend\dist\index.html. Route /admin-react will return 503 until built.
2026-04-17 18:10:06 [info]: [SubscriptionLifecycle] Job started (every 60s)
2026-04-17 18:10:06 [info]: 🚀 Server running on port 7000
2026-04-17 18:10:09 [info]: 📚 Swagger docs available at /api-docs
2026-04-17 18:10:09 [warn]: Admin React build missing at C:\Users\VICTUS\Desktop\Oxygen\Server\frontend\dist\index.html. Route /admin-react will return 503 until built.
2026-04-17 18:10:09 [info]: [SubscriptionLifecycle] Job started (every 60s)
2026-04-17 18:10:09 [info]: 🚀 Server running on port 7000
2026-04-17 18:14:45 [info]: 🔍 Incoming Request: GET /api/v1/health
2026-04-17 18:17:58 [info]: 🔍 Incoming Request: GET /api/v1/health
2026-04-17 18:18:30 [info]: 🔍 Incoming Request: POST /api/v1/auth/request-login-otp
2026-04-17 18:18:31 [warn]: POST /api/v1/auth/request-login-otp [400] - phone: Too small: expected string to have >=6 characters
2026-04-17 18:18:39 [info]: 🔍 Incoming Request: POST /api/v1/auth/request-login-otp
2026-04-17 18:18:39 [warn]: POST /api/v1/auth/request-login-otp [400] - phone: Too small: expected string to have >=6 characters
2026-04-17 18:18:51 [info]: 🔍 Incoming Request: POST /api/v1/auth/request-login-otp
2026-04-17 18:18:51 [warn]: POST /api/v1/auth/request-login-otp [400] - phone: Too small: expected string to have >=6 characters
2026-04-17 18:21:20 [info]: 🔍 Incoming Request: GET /api/v1/health
2026-04-17 18:23:53 [info]: 🔍 Incoming Request: POST /api/v1/auth/login
2026-04-17 18:23:53 [warn]: POST /api/v1/auth/login [401] - Invalid credentials
2026-04-17 18:23:58 [info]: 🔍 Incoming Request: POST /api/v1/auth/login
2026-04-17 18:23:59 [info]: 🔍 Incoming Request: GET /api/v1/customers/me
2026-04-17 18:24:00 [info]: 🔍 Incoming Request: GET /api/v1/subscriptions?limit=50&page=1
2026-04-17 18:24:01 [info]: 🔍 Incoming Request: GET /api/v1/subscriptions/69e250a1e294d1ca5ff96c8f/usage
2026-04-17 18:24:02 [info]: 🔍 Incoming Request: GET /api/v1/payments?limit=50&page=1
2026-04-17 18:24:03 [info]: 🔍 Incoming Request: GET /api/v1/support-tickets?limit=50&page=1
2026-04-17 18:24:44 [info]: 🔍 Incoming Request: POST /api/v1/auth/login
2026-04-17 18:24:45 [info]: 🔍 Incoming Request: GET /api/v1/customers/me
2026-04-17 18:24:46 [info]: 🔍 Incoming Request: GET /api/v1/subscriptions?limit=50&page=1
2026-04-17 18:24:47 [info]: 🔍 Incoming Request: GET /api/v1/subscriptions/69e250a1e294d1ca5ff96c8f/usage
2026-04-17 18:24:48 [info]: 🔍 Incoming Request: GET /api/v1/payments?limit=50&page=1
2026-04-17 18:24:49 [info]: 🔍 Incoming Request: GET /api/v1/support-tickets?limit=50&page=1
2026-04-17 18:24:53 [info]: 🔍 Incoming Request: GET /api/v1/customers/me
2026-04-17 18:24:54 [info]: 🔍 Incoming Request: GET /api/v1/subscriptions?limit=50&page=1
2026-04-17 18:24:55 [info]: 🔍 Incoming Request: GET /api/v1/subscriptions/69e250a1e294d1ca5ff96c8f/usage
2026-04-17 18:24:56 [info]: 🔍 Incoming Request: GET /api/v1/payments?limit=50&page=1
2026-04-17 18:24:56 [info]: 🔍 Incoming Request: GET /api/v1/support-tickets?limit=50&page=1
